<?xml version="1.0" encoding="UTF-8"?>
<testsuite name="com.bloomtech.welcomeletter.MasteryTask_4_FileIO" tests="2" skipped="0" failures="0" errors="0" timestamp="2022-10-04T09:00:00" hostname="MININT-EMQS73E" time="0.054">
  <properties/>
  <testcase name="testFileManager_writeToNewFile()" classname="com.bloomtech.welcomeletter.MasteryTask_4_FileIO" time="0.038"/>
  <testcase name="testFileManager_readExistingFile()" classname="com.bloomtech.welcomeletter.MasteryTask_4_FileIO" time="0.014"/>
  <system-out><![CDATA[Data written to file successfully.
]]></system-out>
  <system-err><![CDATA[]]></system-err>
</testsuite>
