<?xml version="1.0" encoding="UTF-8"?>
<testsuite name="com.bloomtech.welcomeletter.MasteryTask_1_BuilderPattern" tests="3" skipped="0" failures="0" errors="0" timestamp="2022-09-29T12:46:57" hostname="MININT-EMQS73E" time="0.086">
  <properties/>
  <testcase name="testBuilderCreatesInvalidEmployeeObject_returnsRuntimeException()" classname="com.bloomtech.welcomeletter.MasteryTask_1_BuilderPattern" time="0.049"/>
  <testcase name="testBuilderCreatesValidEmployeeObjects_allFields()" classname="com.bloomtech.welcomeletter.MasteryTask_1_BuilderPattern" time="0.028"/>
  <testcase name="testBuilderCreatesValidEmployeeObjects_onlyRequiredFields()" classname="com.bloomtech.welcomeletter.MasteryTask_1_BuilderPattern" time="0.003"/>
  <system-out><![CDATA[]]></system-out>
  <system-err><![CDATA[]]></system-err>
</testsuite>
